<?xml version="1.0" encoding="UTF-8"?>
<testng-results ignored="0" total="1" passed="1" failed="0" skipped="0">
  <reporter-output>
  </reporter-output>
  <suite started-at="2025-07-10T22:34:25 IST" name="LoginSuite" finished-at="2025-07-10T22:34:29 IST" duration-ms="3975">
    <groups>
    </groups>
    <test started-at="2025-07-10T22:34:25 IST" name="LoginTests" finished-at="2025-07-10T22:34:29 IST" duration-ms="3975">
      <class name="tests.LoginTest">
        <test-method is-config="true" signature="setup()[pri:0, instance:tests.LoginTest@175c2241]" started-at="2025-07-10T22:34:25 IST" name="setup" finished-at="2025-07-10T22:34:28 IST" duration-ms="3344" status="PASS">
          <reporter-output>
          </reporter-output>
        </test-method> <!-- setup -->
        <test-method signature="testValidLogin()[pri:0, instance:tests.LoginTest@175c2241]" started-at="2025-07-10T22:34:28 IST" name="testValidLogin" finished-at="2025-07-10T22:34:29 IST" duration-ms="599" status="PASS">
          <reporter-output>
          </reporter-output>
        </test-method> <!-- testValidLogin -->
        <test-method is-config="true" signature="tearDown()[pri:0, instance:tests.LoginTest@175c2241]" started-at="2025-07-10T22:34:29 IST" name="tearDown" finished-at="2025-07-10T22:34:29 IST" duration-ms="0" status="PASS">
          <reporter-output>
          </reporter-output>
        </test-method> <!-- tearDown -->
      </class> <!-- tests.LoginTest -->
    </test> <!-- LoginTests -->
  </suite> <!-- LoginSuite -->
</testng-results>
